----------------------------------------------------------------
Sat Nov 23 12:34:07 IST 2019:
Booting Derby version The Apache Software Foundation - Apache Derby - 10.14.2.0 - (1828579): instance a816c00e-016e-9713-2d30-000006e05a98 
on database directory memory:D:\SpringBootWorkSpace\TicketBookingService\testdb with class loader sun.misc.Launcher$AppClassLoader@764c12b6 
Loaded from file:/C:/Users/prabhakarn/.m2/repository/org/apache/derby/derby/10.14.2.0/derby-10.14.2.0.jar
java.vendor=Oracle Corporation
java.runtime.version=1.8.0_92-b14
user.dir=D:\SpringBootWorkSpace\TicketBookingService
os.name=Windows 10
os.arch=amd64
os.version=10.0
derby.system.home=null
Database Class Loader started - derby.database.classpath=''
----------------------------------------------------------------
Sat Nov 23 12:35:37 IST 2019:
Shutting down instance a816c00e-016e-9713-2d30-000006e05a98 on database directory memory:D:\SpringBootWorkSpace\TicketBookingService\testdb with class loader sun.misc.Launcher$AppClassLoader@764c12b6 
----------------------------------------------------------------
Sat Nov 23 12:35:39 IST 2019:
Booting Derby version The Apache Software Foundation - Apache Derby - 10.14.2.0 - (1828579): instance 52da80c5-016e-9713-2d30-000006e05a98 
on database directory memory:D:\SpringBootWorkSpace\TicketBookingService\testdb with class loader sun.misc.Launcher$AppClassLoader@764c12b6 
Loaded from file:/C:/Users/prabhakarn/.m2/repository/org/apache/derby/derby/10.14.2.0/derby-10.14.2.0.jar
java.vendor=Oracle Corporation
java.runtime.version=1.8.0_92-b14
user.dir=D:\SpringBootWorkSpace\TicketBookingService
os.name=Windows 10
os.arch=amd64
os.version=10.0
derby.system.home=null
Database Class Loader started - derby.database.classpath=''
----------------------------------------------------------------
Sat Nov 23 12:35:39 IST 2019:
Shutting down instance 52da80c5-016e-9713-2d30-000006e05a98 on database directory memory:D:\SpringBootWorkSpace\TicketBookingService\testdb with class loader sun.misc.Launcher$AppClassLoader@764c12b6 
----------------------------------------------------------------
Sat Nov 23 12:36:23 IST 2019:
Booting Derby version The Apache Software Foundation - Apache Derby - 10.14.2.0 - (1828579): instance 5e52817c-016e-9713-2d30-000006e05a98 
on database directory memory:D:\SpringBootWorkSpace\TicketBookingService\testdb with class loader sun.misc.Launcher$AppClassLoader@764c12b6 
Loaded from file:/C:/Users/prabhakarn/.m2/repository/org/apache/derby/derby/10.14.2.0/derby-10.14.2.0.jar
java.vendor=Oracle Corporation
java.runtime.version=1.8.0_92-b14
user.dir=D:\SpringBootWorkSpace\TicketBookingService
os.name=Windows 10
os.arch=amd64
os.version=10.0
derby.system.home=null
Database Class Loader started - derby.database.classpath=''
----------------------------------------------------------------
Sat Nov 23 12:36:23 IST 2019:
Shutting down instance 5e52817c-016e-9713-2d30-000006e05a98 on database directory memory:D:\SpringBootWorkSpace\TicketBookingService\testdb with class loader sun.misc.Launcher$AppClassLoader@764c12b6 
----------------------------------------------------------------
Sat Nov 23 12:39:51 IST 2019:
Booting Derby version The Apache Software Foundation - Apache Derby - 10.14.2.0 - (1828579): instance 3a7ec233-016e-9713-2d30-000006e05a98 
on database directory memory:D:\SpringBootWorkSpace\TicketBookingService\testdb with class loader sun.misc.Launcher$AppClassLoader@764c12b6 
Loaded from file:/C:/Users/prabhakarn/.m2/repository/org/apache/derby/derby/10.14.2.0/derby-10.14.2.0.jar
java.vendor=Oracle Corporation
java.runtime.version=1.8.0_92-b14
user.dir=D:\SpringBootWorkSpace\TicketBookingService
os.name=Windows 10
os.arch=amd64
os.version=10.0
derby.system.home=null
Database Class Loader started - derby.database.classpath=''
----------------------------------------------------------------
Sat Nov 23 12:40:18 IST 2019:
Shutting down instance 3a7ec233-016e-9713-2d30-000006e05a98 on database directory memory:D:\SpringBootWorkSpace\TicketBookingService\testdb with class loader sun.misc.Launcher$AppClassLoader@764c12b6 
----------------------------------------------------------------
Sat Nov 23 12:40:20 IST 2019:
Booting Derby version The Apache Software Foundation - Apache Derby - 10.14.2.0 - (1828579): instance 575f42ea-016e-9713-2d30-000006e05a98 
on database directory memory:D:\SpringBootWorkSpace\TicketBookingService\testdb with class loader sun.misc.Launcher$AppClassLoader@764c12b6 
Loaded from file:/C:/Users/prabhakarn/.m2/repository/org/apache/derby/derby/10.14.2.0/derby-10.14.2.0.jar
java.vendor=Oracle Corporation
java.runtime.version=1.8.0_92-b14
user.dir=D:\SpringBootWorkSpace\TicketBookingService
os.name=Windows 10
os.arch=amd64
os.version=10.0
derby.system.home=null
Database Class Loader started - derby.database.classpath=''
----------------------------------------------------------------
Sat Nov 23 12:44:34 IST 2019:
Shutting down instance 575f42ea-016e-9713-2d30-000006e05a98 on database directory memory:D:\SpringBootWorkSpace\TicketBookingService\testdb with class loader sun.misc.Launcher$AppClassLoader@764c12b6 
----------------------------------------------------------------
Sat Nov 23 12:44:36 IST 2019:
Booting Derby version The Apache Software Foundation - Apache Derby - 10.14.2.0 - (1828579): instance 24f403a1-016e-9713-2d30-000006e05a98 
on database directory memory:D:\SpringBootWorkSpace\TicketBookingService\testdb with class loader sun.misc.Launcher$AppClassLoader@764c12b6 
Loaded from file:/C:/Users/prabhakarn/.m2/repository/org/apache/derby/derby/10.14.2.0/derby-10.14.2.0.jar
java.vendor=Oracle Corporation
java.runtime.version=1.8.0_92-b14
user.dir=D:\SpringBootWorkSpace\TicketBookingService
os.name=Windows 10
os.arch=amd64
os.version=10.0
derby.system.home=null
Database Class Loader started - derby.database.classpath=''
----------------------------------------------------------------
Sat Nov 23 12:45:48 IST 2019:
Shutting down instance 24f403a1-016e-9713-2d30-000006e05a98 on database directory memory:D:\SpringBootWorkSpace\TicketBookingService\testdb with class loader sun.misc.Launcher$AppClassLoader@764c12b6 
----------------------------------------------------------------
Sat Nov 23 12:45:50 IST 2019:
Booting Derby version The Apache Software Foundation - Apache Derby - 10.14.2.0 - (1828579): instance 133d0458-016e-9713-2d30-000006e05a98 
on database directory memory:D:\SpringBootWorkSpace\TicketBookingService\testdb with class loader sun.misc.Launcher$AppClassLoader@764c12b6 
Loaded from file:/C:/Users/prabhakarn/.m2/repository/org/apache/derby/derby/10.14.2.0/derby-10.14.2.0.jar
java.vendor=Oracle Corporation
java.runtime.version=1.8.0_92-b14
user.dir=D:\SpringBootWorkSpace\TicketBookingService
os.name=Windows 10
os.arch=amd64
os.version=10.0
derby.system.home=null
Database Class Loader started - derby.database.classpath=''
----------------------------------------------------------------
Sat Nov 23 12:46:54 IST 2019:
Shutting down instance 133d0458-016e-9713-2d30-000006e05a98 on database directory memory:D:\SpringBootWorkSpace\TicketBookingService\testdb with class loader sun.misc.Launcher$AppClassLoader@764c12b6 
----------------------------------------------------------------
Sat Nov 23 12:46:55 IST 2019:
Booting Derby version The Apache Software Foundation - Apache Derby - 10.14.2.0 - (1828579): instance 923a450f-016e-9713-2d30-000006e05a98 
on database directory memory:D:\SpringBootWorkSpace\TicketBookingService\testdb with class loader sun.misc.Launcher$AppClassLoader@764c12b6 
Loaded from file:/C:/Users/prabhakarn/.m2/repository/org/apache/derby/derby/10.14.2.0/derby-10.14.2.0.jar
java.vendor=Oracle Corporation
java.runtime.version=1.8.0_92-b14
user.dir=D:\SpringBootWorkSpace\TicketBookingService
os.name=Windows 10
os.arch=amd64
os.version=10.0
derby.system.home=null
Database Class Loader started - derby.database.classpath=''
----------------------------------------------------------------
Sat Nov 23 12:48:48 IST 2019:
Shutting down instance 923a450f-016e-9713-2d30-000006e05a98 on database directory memory:D:\SpringBootWorkSpace\TicketBookingService\testdb with class loader sun.misc.Launcher$AppClassLoader@764c12b6 
----------------------------------------------------------------
Sat Nov 23 12:48:49 IST 2019:
Booting Derby version The Apache Software Foundation - Apache Derby - 10.14.2.0 - (1828579): instance 11ebc5c6-016e-9713-2d30-000006e05a98 
on database directory memory:D:\SpringBootWorkSpace\TicketBookingService\testdb with class loader sun.misc.Launcher$AppClassLoader@764c12b6 
Loaded from file:/C:/Users/prabhakarn/.m2/repository/org/apache/derby/derby/10.14.2.0/derby-10.14.2.0.jar
java.vendor=Oracle Corporation
java.runtime.version=1.8.0_92-b14
user.dir=D:\SpringBootWorkSpace\TicketBookingService
os.name=Windows 10
os.arch=amd64
os.version=10.0
derby.system.home=null
Database Class Loader started - derby.database.classpath=''
----------------------------------------------------------------
Sat Nov 23 12:49:06 IST 2019:
Shutting down instance 11ebc5c6-016e-9713-2d30-000006e05a98 on database directory memory:D:\SpringBootWorkSpace\TicketBookingService\testdb with class loader sun.misc.Launcher$AppClassLoader@764c12b6 
----------------------------------------------------------------
Sat Nov 23 12:49:08 IST 2019:
Booting Derby version The Apache Software Foundation - Apache Derby - 10.14.2.0 - (1828579): instance 0251867d-016e-9713-2d30-000006e05a98 
on database directory memory:D:\SpringBootWorkSpace\TicketBookingService\testdb with class loader sun.misc.Launcher$AppClassLoader@764c12b6 
Loaded from file:/C:/Users/prabhakarn/.m2/repository/org/apache/derby/derby/10.14.2.0/derby-10.14.2.0.jar
java.vendor=Oracle Corporation
java.runtime.version=1.8.0_92-b14
user.dir=D:\SpringBootWorkSpace\TicketBookingService
os.name=Windows 10
os.arch=amd64
os.version=10.0
derby.system.home=null
Database Class Loader started - derby.database.classpath=''
----------------------------------------------------------------
Sun Nov 24 10:18:13 IST 2019:
Shutting down instance 0251867d-016e-9713-2d30-000006e05a98 on database directory memory:D:\SpringBootWorkSpace\TicketBookingService\testdb with class loader sun.misc.Launcher$AppClassLoader@764c12b6 
